<?xml version="1.0" encoding="UTF-8"?>
<!-- Generated by org.testng.reporters.JUnitReportReporter -->
<testsuite hostname="DESKTOP-ENPCSKG" failures="0" tests="3" name="test.MainTest" time="38.711" errors="0" timestamp="2019-10-15T13:28:16 ICT" skipped="0">
  <testcase classname="test.MainTest" name="buyingPulsa" time="6.501"/>
  <testcase classname="test.MainTest" name="login" time="24.064"/>
  <testcase classname="test.MainTest" name="checkOutPage" time="8.146"/>
</testsuite> <!-- test.MainTest -->
